2024-01-30 16:47:37,751 - WARNING - Page does not exist for BBCA.JK
2024-01-30 16:47:37,843 - WARNING - Page does not exist for CASH.JK
2024-01-30 16:47:37,949 - WARNING - Page does not exist for CBPE.JK
2024-01-30 16:47:38,054 - WARNING - Page does not exist for AIMS.JK
2024-01-30 16:47:38,163 - WARNING - Page does not exist for AMAR.JK
2024-01-30 16:47:38,279 - WARNING - Page does not exist for CBRE.JK
2024-01-30 16:47:38,386 - WARNING - Page does not exist for BAPI.JK
2024-01-30 16:47:38,491 - WARNING - Page does not exist for LAJU.JK
2024-01-30 16:47:38,586 - WARNING - Page does not exist for LCKM.JK
2024-01-30 16:47:38,681 - WARNING - Page does not exist for LEAD.JK
2024-01-30 16:47:38,778 - WARNING - Page does not exist for CBMF.JK
2024-01-30 16:47:38,883 - WARNING - Page does not exist for KLAS.JK
2024-01-30 16:47:39,003 - WARNING - Page does not exist for ATAP.JK
2024-01-30 16:47:39,101 - WARNING - Page does not exist for LIFE.JK
2024-01-30 16:47:39,198 - WARNING - Page does not exist for APII.JK
2024-01-30 16:47:39,304 - WARNING - Page does not exist for BMAS.JK
2024-01-30 16:47:39,443 - WARNING - Page does not exist for MEGA.JK
2024-01-30 16:47:39,541 - WARNING - Page does not exist for UNIT.JK
2024-01-30 16:47:39,641 - WARNING - Page does not exist for MDKI.JK
2024-01-30 16:47:39,745 - WARNING - Page does not exist for LION.JK
2024-01-30 16:47:39,862 - WARNING - Page does not exist for PURI.JK
2024-01-30 16:47:39,967 - WARNING - Page does not exist for BSIM.JK
2024-01-30 16:47:40,064 - WARNING - Page does not exist for AGAR.JK
2024-01-30 16:47:40,189 - WARNING - Page does not exist for EKAD.JK
2024-01-30 16:47:40,306 - WARNING - Page does not exist for ALTO.JK
2024-01-30 16:47:40,412 - WARNING - Page does not exist for ARTO.JK
2024-01-30 16:47:40,520 - WARNING - Page does not exist for OCAP.JK
2024-01-30 16:47:40,624 - WARNING - Page does not exist for PLAN.JK
2024-01-30 16:47:40,731 - WARNING - Page does not exist for VINS.JK
2024-01-30 16:47:40,838 - WARNING - Page does not exist for CNTX.JK
2024-01-30 16:47:40,941 - WARNING - Page does not exist for ROCK.JK
2024-01-30 16:47:41,037 - WARNING - Page does not exist for PNGO.JK
2024-01-30 16:47:41,150 - WARNING - Page does not exist for POLY.JK
2024-01-30 16:47:41,252 - WARNING - Page does not exist for FWCT.JK
2024-01-30 16:47:41,348 - WARNING - Page does not exist for LMAS.JK
2024-01-30 16:47:41,455 - WARNING - Page does not exist for HOME.JK
2024-01-30 16:47:41,562 - WARNING - Page does not exist for HOPE.JK
2024-01-30 16:47:41,664 - WARNING - Page does not exist for LMPI.JK
2024-01-30 16:47:41,765 - WARNING - Page does not exist for TRUE.JK
2024-01-30 16:47:41,867 - WARNING - Page does not exist for FITT.JK
2024-01-30 16:47:42,313 - WARNING - Page does not exist for NASI.JK
2024-01-30 16:47:42,411 - WARNING - Page does not exist for BPFI.JK
2024-01-30 16:47:42,508 - WARNING - Page does not exist for AWAN.JK
2024-01-30 16:47:42,615 - WARNING - Page does not exist for LMSH.JK
2024-01-30 16:47:42,734 - WARNING - Page does not exist for LPGI.JK
2024-01-30 16:47:42,834 - WARNING - Page does not exist for TRUS.JK
2024-01-30 16:47:42,941 - WARNING - Page does not exist for MARI.JK
2024-01-30 16:47:43,029 - WARNING - Page does not exist for BRIS.JK
2024-01-30 16:47:43,126 - WARNING - Page does not exist for BINA.JK
2024-01-30 16:47:43,221 - WARNING - Page does not exist for MTRA.JK
2024-01-30 16:47:43,324 - WARNING - Page does not exist for INET.JK
2024-01-30 16:47:43,457 - WARNING - Page does not exist for BANK.JK
2024-01-30 16:47:43,559 - WARNING - Page does not exist for CRAB.JK
2024-01-30 16:47:43,663 - WARNING - Page does not exist for PDPP.JK
2024-01-30 16:47:43,774 - WARNING - Page does not exist for TAMA.JK
2024-01-30 16:47:43,878 - WARNING - Page does not exist for SWAT.JK
2024-01-30 16:47:43,977 - WARNING - Page does not exist for PEVE.JK
2024-01-30 16:47:44,079 - WARNING - Page does not exist for CSIS.JK
2024-01-30 16:47:44,175 - WARNING - Page does not exist for DNAR.JK
2024-01-30 16:47:44,291 - WARNING - Page does not exist for PRAS.JK
2024-01-30 16:47:44,399 - WARNING - Page does not exist for PSKT.JK
2024-01-30 16:47:44,493 - WARNING - Page does not exist for MGNA.JK
2024-01-30 16:47:44,596 - WARNING - Page does not exist for PURE.JK
2024-01-30 16:47:44,687 - WARNING - Page does not exist for ASPI.JK
2024-01-30 16:47:44,784 - WARNING - Page does not exist for PSDN.JK
2024-01-30 16:47:44,879 - WARNING - Page does not exist for LPIN.JK
2024-01-30 16:47:44,993 - WARNING - Page does not exist for RONY.JK
2024-01-30 16:47:45,089 - WARNING - Page does not exist for DSFI.JK
2024-01-30 16:47:45,206 - WARNING - Page does not exist for PUDP.JK
2024-01-30 16:47:45,309 - WARNING - Page does not exist for PURA.JK
2024-01-30 16:47:45,409 - WARNING - Page does not exist for PLAS.JK
2024-01-30 16:47:45,512 - WARNING - Page does not exist for BEKS.JK
2024-01-30 16:47:45,610 - WARNING - Page does not exist for BOBA.JK
2024-01-30 16:47:45,711 - WARNING - Page does not exist for ERTX.JK
2024-01-30 16:47:45,824 - WARNING - Page does not exist for LRNA.JK
2024-01-30 16:47:45,927 - WARNING - Page does not exist for BEER.JK
2024-01-30 16:47:46,034 - WARNING - Page does not exist for GOLD.JK
2024-01-30 16:47:46,129 - WARNING - Page does not exist for HATM.JK
2024-01-30 16:47:46,230 - WARNING - Page does not exist for LUCK.JK
2024-01-30 16:47:46,331 - WARNING - Page does not exist for LUCY.JK
2024-01-30 16:47:46,441 - WARNING - Page does not exist for DAYA.JK
2024-01-30 16:47:46,538 - WARNING - Page does not exist for DEWI.JK
2024-01-30 16:47:46,644 - WARNING - Page does not exist for RELI.JK
2024-01-30 16:47:46,751 - WARNING - Page does not exist for BBHI.JK
2024-01-30 16:47:46,854 - WARNING - Page does not exist for AXIO.JK
2024-01-30 16:47:46,956 - WARNING - Page does not exist for MFMI.JK
2024-01-30 16:47:47,068 - WARNING - Page does not exist for EURO.JK
2024-01-30 16:47:47,162 - WARNING - Page does not exist for MABA.JK
2024-01-30 16:47:47,283 - WARNING - Page does not exist for BIMA.JK
2024-01-30 16:47:47,403 - WARNING - Page does not exist for RMKO.JK
2024-01-30 16:47:47,507 - WARNING - Page does not exist for FLMC.JK
2024-01-30 16:47:47,643 - WARNING - Page does not exist for BPTR.JK
2024-01-30 16:47:47,735 - WARNING - Page does not exist for RANC.JK
2024-01-30 16:47:47,842 - WARNING - Page does not exist for SCPI.JK
2024-01-30 16:47:47,938 - WARNING - Page does not exist for RBMS.JK
2024-01-30 16:47:48,043 - WARNING - Page does not exist for INDX.JK
2024-01-30 16:47:48,144 - WARNING - Page does not exist for ZYRX.JK
2024-01-30 16:47:48,246 - WARNING - Page does not exist for SSTM.JK
2024-01-30 16:47:48,353 - WARNING - Page does not exist for INRU.JK
2024-01-30 16:47:48,457 - WARNING - Page does not exist for FOOD.JK
2024-01-30 16:47:48,554 - WARNING - Page does not exist for FORU.JK
2024-01-30 16:47:48,658 - WARNING - Page does not exist for BHAT.JK
2024-01-30 16:47:48,756 - WARNING - Page does not exist for ASBI.JK
2024-01-30 16:47:48,855 - WARNING - Page does not exist for GOLL.JK
2024-01-30 16:47:48,954 - WARNING - Page does not exist for BNGA.JK
2024-01-30 16:47:49,057 - WARNING - Page does not exist for IMAS.JK
2024-01-30 16:47:49,160 - WARNING - Page does not exist for PGJO.JK
2024-01-30 16:47:49,251 - WARNING - Page does not exist for BSML.JK
2024-01-30 16:47:49,349 - WARNING - Page does not exist for CCSI.JK
2024-01-30 16:47:49,450 - WARNING - Page does not exist for BSWD.JK
2024-01-30 16:47:49,557 - WARNING - Page does not exist for PNIN.JK
2024-01-30 16:47:49,664 - WARNING - Page does not exist for RUNS.JK
2024-01-30 16:47:49,783 - WARNING - Page does not exist for BBYB.JK
2024-01-30 16:47:49,888 - WARNING - Page does not exist for MEDS.JK
2024-01-30 16:47:49,991 - WARNING - Page does not exist for COCO.JK
2024-01-30 16:47:50,091 - WARNING - Page does not exist for BABP.JK
2024-01-30 16:47:50,191 - WARNING - Page does not exist for BBMD.JK
2024-01-30 16:47:50,354 - WARNING - Page does not exist for COWL.JK
2024-01-30 16:47:50,463 - WARNING - Page does not exist for ABDA.JK
2024-01-30 16:47:50,557 - WARNING - Page does not exist for ADMF.JK
2024-01-30 16:47:50,703 - WARNING - Page does not exist for SWID.JK
2024-01-30 16:47:50,856 - WARNING - Page does not exist for SUNI.JK
2024-01-30 16:47:50,968 - WARNING - Page does not exist for JSKY.JK
2024-01-30 16:47:51,115 - WARNING - Page does not exist for PNSE.JK
2024-01-30 16:47:51,223 - WARNING - Page does not exist for TALF.JK
2024-01-30 16:47:51,321 - WARNING - Page does not exist for ASJT.JK
2024-01-30 16:47:51,429 - WARNING - Page does not exist for SAPX.JK
2024-01-30 16:47:51,553 - WARNING - Page does not exist for BTPS.JK
2024-01-30 16:47:51,657 - WARNING - Page does not exist for AGRS.JK
2024-01-30 16:47:51,758 - WARNING - Page does not exist for AGRO.JK
2024-01-30 16:47:51,858 - WARNING - Page does not exist for SATU.JK
2024-01-30 16:47:51,961 - WARNING - Page does not exist for SBAT.JK
2024-01-30 16:47:52,061 - WARNING - Page does not exist for SBMA.JK
2024-01-30 16:47:52,166 - WARNING - Page does not exist for EAST.JK
2024-01-30 16:47:52,267 - WARNING - Page does not exist for SCNP.JK
2024-01-30 16:47:52,365 - WARNING - Page does not exist for KBAG.JK
2024-01-30 16:47:52,474 - WARNING - Page does not exist for KBLM.JK
2024-01-30 16:47:52,574 - WARNING - Page does not exist for SDRA.JK
2024-01-30 16:47:52,677 - WARNING - Page does not exist for BVIC.JK
2024-01-30 16:47:52,776 - WARNING - Page does not exist for MITI.JK
2024-01-30 16:47:52,881 - WARNING - Page does not exist for AHAP.JK
2024-01-30 16:47:52,981 - WARNING - Page does not exist for AKKU.JK
2024-01-30 16:47:53,107 - WARNING - Page does not exist for KDSI.JK
2024-01-30 16:47:53,202 - WARNING - Page does not exist for GDYR.JK
2024-01-30 16:47:53,312 - WARNING - Page does not exist for SINI.JK
2024-01-30 16:47:53,433 - WARNING - Page does not exist for MMIX.JK
2024-01-30 16:47:53,535 - WARNING - Page does not exist for KICI.JK
2024-01-30 16:47:53,631 - WARNING - Page does not exist for DEFI.JK
2024-01-30 16:47:53,726 - WARNING - Page does not exist for MREI.JK
2024-01-30 16:47:53,823 - WARNING - Page does not exist for BUAH.JK
2024-01-30 16:47:53,973 - WARNING - Page does not exist for IKAN.JK
2024-01-30 16:47:54,076 - WARNING - Page does not exist for MBTO.JK
2024-01-30 16:47:54,179 - WARNING - Page does not exist for ASRM.JK
2024-01-30 16:47:54,280 - WARNING - Page does not exist for BMRI.JK
2024-01-30 16:47:54,368 - WARNING - Page does not exist for BBRI.JK
2024-01-30 16:47:54,468 - WARNING - Page does not exist for GHON.JK
2024-01-30 16:47:54,569 - WARNING - Page does not exist for KJEN.JK
2024-01-30 16:47:54,703 - WARNING - Page does not exist for KMDS.JK
2024-01-30 16:47:54,808 - WARNING - Page does not exist for KOBX.JK
2024-01-30 16:47:54,903 - WARNING - Page does not exist for CINT.JK
2024-01-30 16:47:54,990 - WARNING - Page does not exist for BTPN.JK
2024-01-30 16:47:55,089 - WARNING - Page does not exist for BKSW.JK
2024-01-30 16:47:55,184 - WARNING - Page does not exist for JMAS.JK
2024-01-30 16:47:55,274 - WARNING - Page does not exist for GLVA.JK
2024-01-30 16:47:55,364 - WARNING - Page does not exist for KOPI.JK
2024-01-30 16:47:55,467 - WARNING - Page does not exist for BLUE.JK
2024-01-30 16:47:55,568 - WARNING - Page does not exist for SOFA.JK
2024-01-30 16:47:55,675 - WARNING - Page does not exist for BMBL.JK
2024-01-30 16:47:55,776 - WARNING - Page does not exist for SMIL.JK
2024-01-30 16:47:55,875 - WARNING - Page does not exist for CPRI.JK
2024-01-30 16:47:55,991 - WARNING - Page does not exist for DADA.JK
2024-01-30 16:47:56,082 - WARNING - Page does not exist for AYLS.JK
2024-01-30 16:47:56,185 - WARNING - Page does not exist for SMKL.JK
2024-01-30 16:47:56,290 - WARNING - Page does not exist for BAUT.JK
2024-01-30 16:47:56,397 - WARNING - Page does not exist for ENZO.JK
2024-01-30 16:47:56,487 - WARNING - Page does not exist for EPAC.JK
2024-01-30 16:47:56,581 - WARNING - Page does not exist for BBSI.JK
2024-01-30 16:47:56,679 - WARNING - Page does not exist for CUAN.JK
2024-01-30 16:47:56,784 - WARNING - Page does not exist for IPAC.JK
2024-01-30 16:47:56,877 - WARNING - Page does not exist for OBMD.JK
2024-01-30 16:47:56,990 - WARNING - Page does not exist for KPAS.JK
2024-01-30 16:47:57,103 - WARNING - Page does not exist for SMKM.JK
2024-01-30 16:47:57,195 - WARNING - Page does not exist for BNLI.JK
2024-01-30 16:47:57,308 - WARNING - Page does not exist for ESIP.JK
2024-01-30 16:47:57,419 - WARNING - Page does not exist for DGNS.JK
2024-01-30 16:47:57,533 - WARNING - Page does not exist for ESTA.JK
2024-01-30 16:47:57,649 - WARNING - Page does not exist for GPSO.JK
2024-01-30 16:47:57,789 - WARNING - Page does not exist for OILS.JK
2024-01-30 16:47:57,994 - WARNING - Page does not exist for RIMO.JK
2024-01-30 16:47:58,123 - WARNING - Page does not exist for OKAS.JK
2024-01-30 16:47:58,263 - WARNING - Page does not exist for BBKP.JK
2024-01-30 16:47:58,374 - WARNING - Page does not exist for GSMF.JK
2024-01-30 16:47:58,481 - WARNING - Page does not exist for ASDM.JK
2024-01-30 16:47:58,564 - WARNING - Page does not exist for CASA.JK
2024-01-30 16:47:58,661 - WARNING - Page does not exist for OPMS.JK
2024-01-30 16:47:58,751 - WARNING - Page does not exist for SNLK.JK
2024-01-30 16:47:58,849 - WARNING - Page does not exist for ESTI.JK
2024-01-30 16:47:58,959 - WARNING - Page does not exist for SOSS.JK
2024-01-30 16:47:59,053 - WARNING - Page does not exist for BIKE.JK
2024-01-30 16:47:59,163 - WARNING - Page does not exist for FUTR.JK
2024-01-30 16:47:59,274 - WARNING - Page does not exist for KRAH.JK
2024-01-30 16:47:59,383 - WARNING - Page does not exist for KUAS.JK
2024-01-30 16:47:59,487 - WARNING - Page does not exist for HAIS.JK
2024-01-30 16:47:59,590 - WARNING - Page does not exist for HALO.JK
2024-01-30 16:47:59,691 - WARNING - Page does not exist for AMIN.JK
2024-01-30 16:47:59,800 - WARNING - Page does not exist for TRJA.JK
2024-01-30 16:47:59,899 - WARNING - Page does not exist for TRON.JK
2024-01-30 16:47:59,996 - WARNING - Page does not exist for BTON.JK
2024-01-30 16:48:00,103 - WARNING - Page does not exist for CANI.JK
2024-01-30 16:48:00,209 - WARNING - Page does not exist for APLI.JK
2024-01-30 16:48:00,333 - WARNING - Page does not exist for ICON.JK
2024-01-30 16:48:00,440 - WARNING - Page does not exist for TMPO.JK
2024-01-30 16:48:00,573 - WARNING - Page does not exist for AMAG.JK
2024-01-30 16:48:00,680 - WARNING - Page does not exist for TNCA.JK
2024-01-30 16:48:00,789 - WARNING - Page does not exist for INCI.JK
2024-01-30 16:48:00,878 - WARNING - Page does not exist for HDIT.JK
2024-01-30 16:48:00,993 - WARNING - Page does not exist for PDES.JK
2024-01-30 16:48:01,107 - WARNING - Page does not exist for BCIC.JK
2024-01-30 16:48:01,443 - WARNING - Page does not exist for TRIS.JK
2024-01-30 16:48:01,539 - WARNING - Page does not exist for DPNS.JK
2024-01-30 16:48:01,637 - WARNING - Page does not exist for HADE.JK
2024-01-30 16:48:01,743 - WARNING - Page does not exist for ALKA.JK
2024-01-30 16:48:02,063 - WARNING - Page does not exist for IDEA.JK
2024-01-30 16:48:02,178 - WARNING - Page does not exist for HKMU.JK
2024-01-30 16:48:02,279 - WARNING - Page does not exist for DCII.JK
2024-01-30 16:48:02,376 - WARNING - Page does not exist for HILL.JK
2024-01-30 16:48:02,483 - WARNING - Page does not exist for MAMI.JK
2024-01-30 16:48:02,623 - WARNING - Page does not exist for INTD.JK
2024-01-30 16:48:02,733 - WARNING - Page does not exist for TIRA.JK
2024-01-30 16:48:02,853 - WARNING - Page does not exist for INOV.JK
2024-01-30 16:48:02,998 - WARNING - Page does not exist for NELY.JK
2024-01-30 16:48:03,103 - WARNING - Page does not exist for WAPO.JK
2024-01-30 16:48:03,233 - WARNING - Page does not exist for PNBS.JK
2024-01-30 16:48:03,346 - WARNING - Page does not exist for IBFN.JK
2024-01-30 16:48:03,453 - WARNING - Page does not exist for SOTS.JK
2024-01-30 16:48:03,555 - WARNING - Page does not exist for PKPK.JK
2024-01-30 16:48:03,656 - WARNING - Page does not exist for KAYU.JK
2024-01-30 16:48:03,771 - WARNING - Page does not exist for COAL.JK
2024-01-30 16:48:03,869 - WARNING - Page does not exist for ZATA.JK
2024-01-30 16:48:03,973 - WARNING - Page does not exist for TBMS.JK
2024-01-30 16:48:04,071 - WARNING - Page does not exist for NIPS.JK
2024-01-30 16:48:04,167 - WARNING - Page does not exist for IRSX.JK
2024-01-30 16:48:04,270 - WARNING - Page does not exist for ASHA.JK
2024-01-30 16:48:04,371 - WARNING - Page does not exist for MCOR.JK
2024-01-30 16:48:04,467 - WARNING - Page does not exist for MTSM.JK
2024-01-30 16:48:04,565 - WARNING - Page does not exist for BBTN.JK
2024-01-30 16:48:04,661 - WARNING - Page does not exist for PPGL.JK
2024-01-30 16:48:04,754 - WARNING - Page does not exist for MTWI.JK
2024-01-30 16:48:04,858 - WARNING - Page does not exist for CSRA.JK
2024-01-30 16:48:04,946 - WARNING - Page does not exist for PTPW.JK
2024-01-30 16:48:05,118 - WARNING - Page does not exist for BGTG.JK
2024-01-30 16:48:05,224 - WARNING - Page does not exist for JAST.JK
2024-01-30 16:48:05,317 - WARNING - Page does not exist for DIGI.JK
2024-01-30 16:48:05,428 - WARNING - Page does not exist for PACK.JK
2024-01-30 16:48:05,524 - WARNING - Page does not exist for SOUL.JK
2024-01-30 16:48:05,622 - WARNING - Page does not exist for MAYA.JK
2024-01-30 16:48:05,721 - WARNING - Page does not exist for BDMN.JK
2024-01-30 16:48:05,818 - WARNING - Page does not exist for REAL.JK
2024-01-30 16:48:05,917 - WARNING - Page does not exist for NICK.JK
2024-01-30 16:48:06,021 - WARNING - Page does not exist for NISP.JK
2024-01-30 16:48:06,119 - WARNING - Page does not exist for NAYZ.JK
2024-01-30 16:48:06,217 - WARNING - Page does not exist for NOBU.JK
2024-01-30 16:48:06,323 - WARNING - Page does not exist for IPPE.JK
2024-01-30 16:48:06,433 - WARNING - Page does not exist for ITIC.JK
2024-01-30 16:48:06,524 - WARNING - Page does not exist for BIKA.JK
2024-01-30 16:48:06,614 - WARNING - Page does not exist for JATI.JK
2024-01-30 16:48:06,718 - WARNING - Page does not exist for PNBN.JK
2024-01-30 16:48:06,823 - WARNING - Page does not exist for SIMA.JK
2024-01-30 16:48:06,933 - WARNING - Page does not exist for BJTM.JK
2024-01-30 16:48:07,036 - WARNING - Page does not exist for BINO.JK
2024-01-30 16:48:07,140 - WARNING - Page does not exist for SEMA.JK
2024-01-30 16:48:07,243 - WARNING - Page does not exist for KPAL.JK
2024-01-30 16:48:07,363 - WARNING - Page does not exist for FIMP.JK
2024-01-30 16:48:07,474 - WARNING - Page does not exist for GLOB.JK
2024-01-30 16:48:07,566 - WARNING - Page does not exist for KBRI.JK
2024-01-30 16:48:07,688 - WARNING - Page does not exist for JKSW.JK
2024-01-30 16:48:07,797 - WARNING - Page does not exist for ARTA.JK
2024-01-30 16:48:07,903 - WARNING - Page does not exist for BACA.JK
2024-01-30 16:48:07,994 - WARNING - Page does not exist for NTBK.JK
2024-01-30 16:48:08,107 - WARNING - Page does not exist for PAMG.JK
2024-01-30 16:48:08,205 - WARNING - Page does not exist for PANR.JK
2024-01-30 16:48:08,300 - WARNING - Page does not exist for TRAM.JK
2024-01-30 16:48:08,390 - WARNING - Page does not exist for BNBA.JK
2024-01-30 16:48:08,490 - WARNING - Page does not exist for PEGE.JK
2024-01-30 16:48:08,577 - WARNING - Page does not exist for BAYU.JK
2024-01-30 16:48:08,683 - WARNING - Page does not exist for PNLF.JK
2024-01-30 16:48:08,796 - WARNING - Page does not exist for NUSA.JK
2024-01-30 16:48:08,897 - WARNING - Page does not exist for PTDU.JK
2024-01-30 16:48:08,996 - WARNING - Page does not exist for BEEF.JK
2024-01-30 16:48:09,098 - WARNING - Page does not exist for SKYB.JK
2024-01-30 16:48:09,194 - WARNING - Page does not exist for NZIA.JK
2024-01-30 16:48:09,300 - WARNING - Page does not exist for SUGI.JK
2024-01-30 16:48:09,401 - WARNING - Page does not exist for OASA.JK
2024-01-30 16:48:09,510 - WARNING - Page does not exist for MGLV.JK
2024-01-30 16:48:09,608 - WARNING - Page does not exist for CAKK.JK
2024-01-30 16:48:09,701 - WARNING - Page does not exist for AKSI.JK
2024-01-30 16:48:09,799 - WARNING - Page does not exist for BBSS.JK
2024-01-30 16:48:09,899 - WARNING - Page does not exist for TYRE.JK
2024-01-30 16:48:10,010 - WARNING - Page does not exist for SMMA.JK
2024-01-30 16:48:10,116 - WARNING - Page does not exist for ASMI.JK
2024-01-30 16:48:10,213 - WARNING - Page does not exist for MYRX.JK
2024-01-30 16:48:10,326 - WARNING - Page does not exist for TRUK.JK
2024-01-30 16:48:10,422 - WARNING - Page does not exist for UANG.JK
2024-01-30 16:48:10,532 - WARNING - Page does not exist for TUGU.JK
2024-01-30 16:48:10,634 - WARNING - Page does not exist for LFLO.JK
2024-01-30 16:48:10,729 - WARNING - Page does not exist for UVCR.JK
2024-01-30 16:48:10,829 - WARNING - Page does not exist for VAST.JK
2024-01-30 16:48:10,924 - WARNING - Page does not exist for VOKS.JK
2024-01-30 16:48:11,033 - WARNING - Page does not exist for VRNA.JK
2024-01-30 16:48:11,130 - WARNING - Page does not exist for WGSH.JK
2024-01-30 16:48:11,223 - WARNING - Page does not exist for WICO.JK
2024-01-30 16:48:11,325 - WARNING - Page does not exist for WIFI.JK
2024-01-30 16:48:11,410 - WARNING - Page does not exist for WOWS.JK
2024-01-30 16:48:11,511 - WARNING - Page does not exist for YELO.JK
2024-01-30 16:48:11,622 - WARNING - Page does not exist for ZONE.JK
2024-01-30 16:48:11,720 - WARNING - Page does not exist for BBNI.JK
2024-01-30 16:48:11,829 - WARNING - Page does not exist for INPC.JK
2024-01-30 16:48:11,936 - WARNING - Page does not exist for INCF.JK
2024-01-30 16:48:12,031 - WARNING - Page does not exist for MPOW.JK
2024-01-30 16:48:12,134 - WARNING - Page does not exist for INDO.JK
2024-01-30 16:48:12,241 - WARNING - Page does not exist for BNII.JK
2024-01-30 16:48:12,352 - WARNING - Page does not exist for BJBR.JK
2024-01-30 16:48:12,448 - WARNING - Page does not exist for HOTL.JK
2024-01-30 16:48:12,546 - WARNING - Page does not exist for HAJJ.JK
2024-01-30 16:48:12,660 - WARNING - Page does not exist for KING.JK
2024-01-30 16:48:12,753 - WARNING - Page does not exist for ARMY.JK
2024-01-30 16:48:12,881 - WARNING - Page does not exist for RELF.JK
2024-01-30 16:48:12,995 - WARNING - Page does not exist for DUCK.JK
2024-01-30 16:48:13,113 - WARNING - Page does not exist for MAGP.JK
2024-01-30 16:48:13,223 - WARNING - Page does not exist for NPGF.JK
2024-01-30 16:48:13,333 - WARNING - Page does not exist for LCGP.JK
2024-01-30 16:48:13,448 - WARNING - Page does not exist for TRIL.JK
2024-01-30 16:48:13,555 - WARNING - Page does not exist for FORZ.JK
2024-01-31 17:09:44,154 - WARNING - Page does not exist for BBCA.JK
2024-01-31 17:09:44,205 - WARNING - Page does not exist for CASH.JK
2024-01-31 17:09:44,249 - WARNING - Page does not exist for CBPE.JK
2024-01-31 17:09:44,309 - WARNING - Page does not exist for AIMS.JK
2024-01-31 17:09:44,357 - WARNING - Page does not exist for AMAR.JK
2024-01-31 17:09:44,400 - WARNING - Page does not exist for CBRE.JK
2024-01-31 17:09:44,452 - WARNING - Page does not exist for BAPI.JK
2024-01-31 17:09:44,507 - WARNING - Page does not exist for LAJU.JK
2024-01-31 17:09:44,575 - WARNING - Page does not exist for LCKM.JK
2024-01-31 17:09:44,653 - WARNING - Page does not exist for LEAD.JK
2024-01-31 17:09:44,739 - WARNING - Page does not exist for CBMF.JK
2024-01-31 17:09:44,817 - WARNING - Page does not exist for KLAS.JK
2024-01-31 17:09:44,878 - WARNING - Page does not exist for ATAP.JK
2024-01-31 17:09:44,988 - WARNING - Page does not exist for LIFE.JK
2024-01-31 17:09:45,066 - WARNING - Page does not exist for APII.JK
2024-01-31 17:09:45,126 - WARNING - Page does not exist for BMAS.JK
2024-01-31 17:09:45,183 - WARNING - Page does not exist for MEGA.JK
2024-01-31 17:09:45,232 - WARNING - Page does not exist for UNIT.JK
2024-01-31 17:09:45,290 - WARNING - Page does not exist for MDKI.JK
2024-01-31 17:09:45,357 - WARNING - Page does not exist for LION.JK
2024-01-31 17:09:45,411 - WARNING - Page does not exist for PURI.JK
2024-01-31 17:09:45,466 - WARNING - Page does not exist for BSIM.JK
2024-01-31 17:09:45,514 - WARNING - Page does not exist for AGAR.JK
2024-01-31 17:09:45,563 - WARNING - Page does not exist for EKAD.JK
2024-01-31 17:09:45,611 - WARNING - Page does not exist for ALTO.JK
2024-01-31 17:09:45,660 - WARNING - Page does not exist for ARTO.JK
2024-01-31 17:09:45,709 - WARNING - Page does not exist for OCAP.JK
2024-01-31 17:09:45,753 - WARNING - Page does not exist for PLAN.JK
2024-01-31 17:09:45,810 - WARNING - Page does not exist for VINS.JK
2024-01-31 17:09:45,863 - WARNING - Page does not exist for CNTX.JK
2024-01-31 17:09:45,912 - WARNING - Page does not exist for ROCK.JK
2024-01-31 17:09:45,962 - WARNING - Page does not exist for PNGO.JK
2024-01-31 17:09:46,013 - WARNING - Page does not exist for POLY.JK
2024-01-31 17:09:46,065 - WARNING - Page does not exist for FWCT.JK
2024-01-31 17:09:46,122 - WARNING - Page does not exist for LMAS.JK
2024-01-31 17:09:46,169 - WARNING - Page does not exist for HOME.JK
2024-01-31 17:09:46,217 - WARNING - Page does not exist for HOPE.JK
2024-01-31 17:09:46,272 - WARNING - Page does not exist for LMPI.JK
2024-01-31 17:09:46,320 - WARNING - Page does not exist for TRUE.JK
2024-01-31 17:09:46,391 - WARNING - Page does not exist for FITT.JK
2024-01-31 17:09:46,450 - WARNING - Page does not exist for NASI.JK
2024-01-31 17:09:46,501 - WARNING - Page does not exist for BPFI.JK
2024-01-31 17:09:46,555 - WARNING - Page does not exist for AWAN.JK
2024-01-31 17:09:46,615 - WARNING - Page does not exist for LMSH.JK
2024-01-31 17:09:46,679 - WARNING - Page does not exist for LPGI.JK
2024-01-31 17:09:46,743 - WARNING - Page does not exist for TRUS.JK
2024-01-31 17:09:46,802 - WARNING - Page does not exist for MARI.JK
2024-01-31 17:09:46,851 - WARNING - Page does not exist for BRIS.JK
2024-01-31 17:09:46,904 - WARNING - Page does not exist for BINA.JK
2024-01-31 17:09:46,958 - WARNING - Page does not exist for MTRA.JK
2024-01-31 17:09:47,007 - WARNING - Page does not exist for INET.JK
2024-01-31 17:09:47,065 - WARNING - Page does not exist for BANK.JK
2024-01-31 17:09:47,117 - WARNING - Page does not exist for CRAB.JK
2024-01-31 17:09:47,167 - WARNING - Page does not exist for PDPP.JK
2024-01-31 17:09:47,218 - WARNING - Page does not exist for TAMA.JK
2024-01-31 17:09:47,267 - WARNING - Page does not exist for SWAT.JK
2024-01-31 17:09:47,321 - WARNING - Page does not exist for PEVE.JK
2024-01-31 17:09:47,383 - WARNING - Page does not exist for CSIS.JK
2024-01-31 17:09:47,431 - WARNING - Page does not exist for DNAR.JK
2024-01-31 17:09:47,481 - WARNING - Page does not exist for PRAS.JK
2024-01-31 17:09:47,531 - WARNING - Page does not exist for PSKT.JK
2024-01-31 17:09:47,579 - WARNING - Page does not exist for MGNA.JK
2024-01-31 17:09:47,630 - WARNING - Page does not exist for PURE.JK
2024-01-31 17:09:47,678 - WARNING - Page does not exist for ASPI.JK
2024-01-31 17:09:47,743 - WARNING - Page does not exist for PSDN.JK
2024-01-31 17:09:47,798 - WARNING - Page does not exist for LPIN.JK
2024-01-31 17:09:47,847 - WARNING - Page does not exist for RONY.JK
2024-01-31 17:09:47,922 - WARNING - Page does not exist for DSFI.JK
2024-01-31 17:09:47,982 - WARNING - Page does not exist for PUDP.JK
2024-01-31 17:09:48,055 - WARNING - Page does not exist for PURA.JK
2024-01-31 17:09:48,114 - WARNING - Page does not exist for PLAS.JK
2024-01-31 17:09:48,170 - WARNING - Page does not exist for BEKS.JK
2024-01-31 17:09:48,250 - WARNING - Page does not exist for BOBA.JK
2024-01-31 17:09:48,300 - WARNING - Page does not exist for ERTX.JK
2024-01-31 17:09:48,360 - WARNING - Page does not exist for LRNA.JK
2024-01-31 17:09:48,425 - WARNING - Page does not exist for BEER.JK
2024-01-31 17:09:48,476 - WARNING - Page does not exist for GOLD.JK
2024-01-31 17:09:48,524 - WARNING - Page does not exist for HATM.JK
2024-01-31 17:09:48,574 - WARNING - Page does not exist for LUCK.JK
2024-01-31 17:09:48,628 - WARNING - Page does not exist for LUCY.JK
2024-01-31 17:09:48,678 - WARNING - Page does not exist for DAYA.JK
2024-01-31 17:09:48,729 - WARNING - Page does not exist for DEWI.JK
2024-01-31 17:09:48,780 - WARNING - Page does not exist for RELI.JK
2024-01-31 17:09:48,832 - WARNING - Page does not exist for BBHI.JK
2024-01-31 17:09:48,892 - WARNING - Page does not exist for AXIO.JK
2024-01-31 17:09:48,960 - WARNING - Page does not exist for MFMI.JK
2024-01-31 17:09:49,048 - WARNING - Page does not exist for EURO.JK
2024-01-31 17:09:49,101 - WARNING - Page does not exist for MABA.JK
2024-01-31 17:09:49,157 - WARNING - Page does not exist for BIMA.JK
2024-01-31 17:09:49,212 - WARNING - Page does not exist for RMKO.JK
2024-01-31 17:09:49,262 - WARNING - Page does not exist for FLMC.JK
2024-01-31 17:09:49,319 - WARNING - Page does not exist for BPTR.JK
2024-01-31 17:09:49,372 - WARNING - Page does not exist for RANC.JK
2024-01-31 17:09:49,423 - WARNING - Page does not exist for SCPI.JK
2024-01-31 17:09:49,474 - WARNING - Page does not exist for RBMS.JK
2024-01-31 17:09:49,533 - WARNING - Page does not exist for INDX.JK
2024-01-31 17:09:49,583 - WARNING - Page does not exist for ZYRX.JK
2024-01-31 17:09:49,643 - WARNING - Page does not exist for SSTM.JK
2024-01-31 17:09:49,697 - WARNING - Page does not exist for INRU.JK
2024-01-31 17:09:49,748 - WARNING - Page does not exist for FOOD.JK
2024-01-31 17:09:49,821 - WARNING - Page does not exist for FORU.JK
2024-01-31 17:09:49,872 - WARNING - Page does not exist for BHAT.JK
2024-01-31 17:09:49,927 - WARNING - Page does not exist for ASBI.JK
2024-01-31 17:09:49,983 - WARNING - Page does not exist for GOLL.JK
2024-01-31 17:09:50,040 - WARNING - Page does not exist for BNGA.JK
2024-01-31 17:09:50,098 - WARNING - Page does not exist for IMAS.JK
2024-01-31 17:09:50,151 - WARNING - Page does not exist for PGJO.JK
2024-01-31 17:09:50,202 - WARNING - Page does not exist for BSML.JK
2024-01-31 17:09:50,259 - WARNING - Page does not exist for CCSI.JK
2024-01-31 17:09:50,308 - WARNING - Page does not exist for BSWD.JK
2024-01-31 17:09:50,358 - WARNING - Page does not exist for PNIN.JK
2024-01-31 17:09:50,408 - WARNING - Page does not exist for RUNS.JK
2024-01-31 17:09:50,467 - WARNING - Page does not exist for BBYB.JK
2024-01-31 17:09:50,519 - WARNING - Page does not exist for MEDS.JK
2024-01-31 17:09:50,571 - WARNING - Page does not exist for COCO.JK
2024-01-31 17:09:50,620 - WARNING - Page does not exist for BABP.JK
2024-01-31 17:09:50,679 - WARNING - Page does not exist for BBMD.JK
2024-01-31 17:09:50,727 - WARNING - Page does not exist for COWL.JK
2024-01-31 17:09:50,776 - WARNING - Page does not exist for ABDA.JK
2024-01-31 17:09:50,826 - WARNING - Page does not exist for ADMF.JK
2024-01-31 17:09:50,879 - WARNING - Page does not exist for SWID.JK
2024-01-31 17:09:50,928 - WARNING - Page does not exist for SUNI.JK
2024-01-31 17:09:50,982 - WARNING - Page does not exist for JSKY.JK
2024-01-31 17:09:51,047 - WARNING - Page does not exist for PNSE.JK
2024-01-31 17:09:51,095 - WARNING - Page does not exist for TALF.JK
2024-01-31 17:09:51,143 - WARNING - Page does not exist for ASJT.JK
2024-01-31 17:09:51,191 - WARNING - Page does not exist for SAPX.JK
2024-01-31 17:09:51,242 - WARNING - Page does not exist for BTPS.JK
2024-01-31 17:09:51,299 - WARNING - Page does not exist for AGRS.JK
2024-01-31 17:09:51,348 - WARNING - Page does not exist for AGRO.JK
2024-01-31 17:09:51,398 - WARNING - Page does not exist for SATU.JK
2024-01-31 17:09:51,452 - WARNING - Page does not exist for SBAT.JK
2024-01-31 17:09:51,498 - WARNING - Page does not exist for SBMA.JK
2024-01-31 17:09:51,563 - WARNING - Page does not exist for EAST.JK
2024-01-31 17:09:51,628 - WARNING - Page does not exist for SCNP.JK
2024-01-31 17:09:51,685 - WARNING - Page does not exist for KBAG.JK
2024-01-31 17:09:51,746 - WARNING - Page does not exist for KBLM.JK
2024-01-31 17:09:51,807 - WARNING - Page does not exist for SDRA.JK
2024-01-31 17:09:51,869 - WARNING - Page does not exist for BVIC.JK
2024-01-31 17:09:51,924 - WARNING - Page does not exist for MITI.JK
2024-01-31 17:09:51,971 - WARNING - Page does not exist for AHAP.JK
2024-01-31 17:09:52,021 - WARNING - Page does not exist for AKKU.JK
2024-01-31 17:09:52,071 - WARNING - Page does not exist for KDSI.JK
2024-01-31 17:09:52,121 - WARNING - Page does not exist for GDYR.JK
2024-01-31 17:09:52,174 - WARNING - Page does not exist for SINI.JK
2024-01-31 17:09:52,225 - WARNING - Page does not exist for MMIX.JK
2024-01-31 17:09:52,276 - WARNING - Page does not exist for KICI.JK
2024-01-31 17:09:52,326 - WARNING - Page does not exist for DEFI.JK
2024-01-31 17:09:52,378 - WARNING - Page does not exist for MREI.JK
2024-01-31 17:09:52,427 - WARNING - Page does not exist for BUAH.JK
2024-01-31 17:09:52,478 - WARNING - Page does not exist for IKAN.JK
2024-01-31 17:09:52,526 - WARNING - Page does not exist for MBTO.JK
2024-01-31 17:09:52,575 - WARNING - Page does not exist for ASRM.JK
2024-01-31 17:09:52,631 - WARNING - Page does not exist for BMRI.JK
2024-01-31 17:09:52,713 - WARNING - Page does not exist for BBRI.JK
2024-01-31 17:09:52,770 - WARNING - Page does not exist for GHON.JK
2024-01-31 17:09:52,818 - WARNING - Page does not exist for KJEN.JK
2024-01-31 17:09:52,867 - WARNING - Page does not exist for KMDS.JK
2024-01-31 17:09:52,914 - WARNING - Page does not exist for KOBX.JK
2024-01-31 17:09:52,964 - WARNING - Page does not exist for CINT.JK
2024-01-31 17:09:53,010 - WARNING - Page does not exist for BTPN.JK
2024-01-31 17:09:53,058 - WARNING - Page does not exist for BKSW.JK
2024-01-31 17:09:53,111 - WARNING - Page does not exist for JMAS.JK
2024-01-31 17:09:53,159 - WARNING - Page does not exist for GLVA.JK
2024-01-31 17:09:53,208 - WARNING - Page does not exist for KOPI.JK
2024-01-31 17:09:53,257 - WARNING - Page does not exist for BLUE.JK
2024-01-31 17:09:53,308 - WARNING - Page does not exist for SOFA.JK
2024-01-31 17:09:53,363 - WARNING - Page does not exist for BMBL.JK
2024-01-31 17:09:53,424 - WARNING - Page does not exist for SMIL.JK
2024-01-31 17:09:53,475 - WARNING - Page does not exist for CPRI.JK
2024-01-31 17:09:53,526 - WARNING - Page does not exist for DADA.JK
2024-01-31 17:09:53,573 - WARNING - Page does not exist for AYLS.JK
2024-01-31 17:09:53,620 - WARNING - Page does not exist for SMKL.JK
2024-01-31 17:09:53,670 - WARNING - Page does not exist for BAUT.JK
2024-01-31 17:09:53,724 - WARNING - Page does not exist for ENZO.JK
2024-01-31 17:09:53,789 - WARNING - Page does not exist for EPAC.JK
2024-01-31 17:09:53,849 - WARNING - Page does not exist for BBSI.JK
2024-01-31 17:09:53,913 - WARNING - Page does not exist for CUAN.JK
2024-01-31 17:09:53,962 - WARNING - Page does not exist for IPAC.JK
2024-01-31 17:09:54,010 - WARNING - Page does not exist for OBMD.JK
2024-01-31 17:09:54,063 - WARNING - Page does not exist for KPAS.JK
2024-01-31 17:09:54,109 - WARNING - Page does not exist for SMKM.JK
2024-01-31 17:09:54,155 - WARNING - Page does not exist for BNLI.JK
2024-01-31 17:09:54,220 - WARNING - Page does not exist for ESIP.JK
2024-01-31 17:09:54,264 - WARNING - Page does not exist for DGNS.JK
2024-01-31 17:09:54,311 - WARNING - Page does not exist for ESTA.JK
2024-01-31 17:09:54,364 - WARNING - Page does not exist for GPSO.JK
2024-01-31 17:09:54,412 - WARNING - Page does not exist for OILS.JK
2024-01-31 17:09:54,458 - WARNING - Page does not exist for RIMO.JK
2024-01-31 17:09:54,521 - WARNING - Page does not exist for OKAS.JK
2024-01-31 17:09:54,569 - WARNING - Page does not exist for BBKP.JK
2024-01-31 17:09:54,620 - WARNING - Page does not exist for GSMF.JK
2024-01-31 17:09:54,668 - WARNING - Page does not exist for ASDM.JK
2024-01-31 17:09:54,715 - WARNING - Page does not exist for CASA.JK
2024-01-31 17:09:54,763 - WARNING - Page does not exist for OPMS.JK
2024-01-31 17:09:54,821 - WARNING - Page does not exist for SNLK.JK
2024-01-31 17:09:54,872 - WARNING - Page does not exist for ESTI.JK
2024-01-31 17:09:54,925 - WARNING - Page does not exist for SOSS.JK
2024-01-31 17:09:54,973 - WARNING - Page does not exist for BIKE.JK
2024-01-31 17:09:55,026 - WARNING - Page does not exist for FUTR.JK
2024-01-31 17:09:55,075 - WARNING - Page does not exist for KRAH.JK
2024-01-31 17:09:55,124 - WARNING - Page does not exist for KUAS.JK
2024-01-31 17:09:55,175 - WARNING - Page does not exist for HAIS.JK
2024-01-31 17:09:55,227 - WARNING - Page does not exist for HALO.JK
2024-01-31 17:09:55,279 - WARNING - Page does not exist for AMIN.JK
2024-01-31 17:09:55,330 - WARNING - Page does not exist for TRJA.JK
2024-01-31 17:09:55,385 - WARNING - Page does not exist for TRON.JK
2024-01-31 17:09:55,441 - WARNING - Page does not exist for BTON.JK
2024-01-31 17:09:55,497 - WARNING - Page does not exist for CANI.JK
2024-01-31 17:09:55,559 - WARNING - Page does not exist for APLI.JK
2024-01-31 17:09:55,605 - WARNING - Page does not exist for ICON.JK
2024-01-31 17:09:55,653 - WARNING - Page does not exist for TMPO.JK
2024-01-31 17:09:55,733 - WARNING - Page does not exist for AMAG.JK
2024-01-31 17:09:55,787 - WARNING - Page does not exist for TNCA.JK
2024-01-31 17:09:55,838 - WARNING - Page does not exist for INCI.JK
2024-01-31 17:09:55,909 - WARNING - Page does not exist for HDIT.JK
2024-01-31 17:09:55,970 - WARNING - Page does not exist for PDES.JK
2024-01-31 17:09:56,014 - WARNING - Page does not exist for BCIC.JK
2024-01-31 17:09:56,071 - WARNING - Page does not exist for TRIS.JK
2024-01-31 17:09:56,123 - WARNING - Page does not exist for DPNS.JK
2024-01-31 17:09:56,176 - WARNING - Page does not exist for HADE.JK
2024-01-31 17:09:56,234 - WARNING - Page does not exist for ALKA.JK
2024-01-31 17:09:56,293 - WARNING - Page does not exist for IDEA.JK
2024-01-31 17:09:56,361 - WARNING - Page does not exist for HKMU.JK
2024-01-31 17:09:56,428 - WARNING - Page does not exist for DCII.JK
2024-01-31 17:09:56,509 - WARNING - Page does not exist for HILL.JK
2024-01-31 17:09:56,575 - WARNING - Page does not exist for MAMI.JK
2024-01-31 17:09:56,629 - WARNING - Page does not exist for INTD.JK
2024-01-31 17:09:56,696 - WARNING - Page does not exist for TIRA.JK
2024-01-31 17:09:56,750 - WARNING - Page does not exist for INOV.JK
2024-01-31 17:09:56,801 - WARNING - Page does not exist for NELY.JK
2024-01-31 17:09:56,852 - WARNING - Page does not exist for WAPO.JK
2024-01-31 17:09:56,912 - WARNING - Page does not exist for PNBS.JK
2024-01-31 17:09:56,972 - WARNING - Page does not exist for IBFN.JK
2024-01-31 17:09:57,031 - WARNING - Page does not exist for SOTS.JK
2024-01-31 17:09:57,089 - WARNING - Page does not exist for PKPK.JK
2024-01-31 17:09:57,140 - WARNING - Page does not exist for KAYU.JK
2024-01-31 17:09:57,192 - WARNING - Page does not exist for COAL.JK
2024-01-31 17:09:57,243 - WARNING - Page does not exist for ZATA.JK
2024-01-31 17:09:57,295 - WARNING - Page does not exist for TBMS.JK
2024-01-31 17:09:57,345 - WARNING - Page does not exist for NIPS.JK
2024-01-31 17:09:57,394 - WARNING - Page does not exist for IRSX.JK
2024-01-31 17:09:57,442 - WARNING - Page does not exist for ASHA.JK
2024-01-31 17:09:57,490 - WARNING - Page does not exist for MCOR.JK
2024-01-31 17:09:57,542 - WARNING - Page does not exist for MTSM.JK
2024-01-31 17:09:57,594 - WARNING - Page does not exist for BBTN.JK
2024-01-31 17:09:57,649 - WARNING - Page does not exist for PPGL.JK
2024-01-31 17:09:57,706 - WARNING - Page does not exist for MTWI.JK
2024-01-31 17:09:57,760 - WARNING - Page does not exist for CSRA.JK
2024-01-31 17:09:57,810 - WARNING - Page does not exist for PTPW.JK
2024-01-31 17:09:57,886 - WARNING - Page does not exist for BGTG.JK
2024-01-31 17:09:57,932 - WARNING - Page does not exist for JAST.JK
2024-01-31 17:09:57,977 - WARNING - Page does not exist for DIGI.JK
2024-01-31 17:09:58,035 - WARNING - Page does not exist for PACK.JK
2024-01-31 17:09:58,092 - WARNING - Page does not exist for SOUL.JK
2024-01-31 17:09:58,151 - WARNING - Page does not exist for MAYA.JK
2024-01-31 17:09:58,208 - WARNING - Page does not exist for BDMN.JK
2024-01-31 17:09:58,287 - WARNING - Page does not exist for REAL.JK
2024-01-31 17:09:58,358 - WARNING - Page does not exist for NICK.JK
2024-01-31 17:09:58,415 - WARNING - Page does not exist for NISP.JK
2024-01-31 17:09:58,467 - WARNING - Page does not exist for NAYZ.JK
2024-01-31 17:09:58,522 - WARNING - Page does not exist for NOBU.JK
2024-01-31 17:09:58,578 - WARNING - Page does not exist for IPPE.JK
2024-01-31 17:09:58,631 - WARNING - Page does not exist for ITIC.JK
2024-01-31 17:09:58,680 - WARNING - Page does not exist for BIKA.JK
2024-01-31 17:09:58,758 - WARNING - Page does not exist for JATI.JK
2024-01-31 17:09:58,813 - WARNING - Page does not exist for PNBN.JK
2024-01-31 17:09:58,862 - WARNING - Page does not exist for SIMA.JK
2024-01-31 17:09:58,916 - WARNING - Page does not exist for BJTM.JK
2024-01-31 17:09:58,963 - WARNING - Page does not exist for BINO.JK
2024-01-31 17:09:59,017 - WARNING - Page does not exist for SEMA.JK
2024-01-31 17:09:59,076 - WARNING - Page does not exist for KPAL.JK
2024-01-31 17:09:59,136 - WARNING - Page does not exist for FIMP.JK
2024-01-31 17:09:59,199 - WARNING - Page does not exist for GLOB.JK
2024-01-31 17:09:59,268 - WARNING - Page does not exist for KBRI.JK
2024-01-31 17:09:59,317 - WARNING - Page does not exist for JKSW.JK
2024-01-31 17:09:59,367 - WARNING - Page does not exist for ARTA.JK
2024-01-31 17:09:59,419 - WARNING - Page does not exist for BACA.JK
2024-01-31 17:09:59,536 - WARNING - Page does not exist for NTBK.JK
2024-01-31 17:09:59,609 - WARNING - Page does not exist for PAMG.JK
2024-01-31 17:09:59,668 - WARNING - Page does not exist for PANR.JK
2024-01-31 17:09:59,728 - WARNING - Page does not exist for TRAM.JK
2024-01-31 17:09:59,794 - WARNING - Page does not exist for BNBA.JK
2024-01-31 17:09:59,846 - WARNING - Page does not exist for PEGE.JK
2024-01-31 17:09:59,907 - WARNING - Page does not exist for BAYU.JK
2024-01-31 17:09:59,965 - WARNING - Page does not exist for PNLF.JK
2024-01-31 17:10:00,101 - WARNING - Page does not exist for NUSA.JK
2024-01-31 17:10:00,168 - WARNING - Page does not exist for PTDU.JK
2024-01-31 17:10:00,217 - WARNING - Page does not exist for BEEF.JK
2024-01-31 17:10:00,272 - WARNING - Page does not exist for SKYB.JK
2024-01-31 17:10:00,325 - WARNING - Page does not exist for NZIA.JK
2024-01-31 17:10:00,380 - WARNING - Page does not exist for SUGI.JK
2024-01-31 17:10:00,430 - WARNING - Page does not exist for OASA.JK
2024-01-31 17:10:00,484 - WARNING - Page does not exist for MGLV.JK
2024-01-31 17:10:00,544 - WARNING - Page does not exist for CAKK.JK
2024-01-31 17:10:00,592 - WARNING - Page does not exist for AKSI.JK
2024-01-31 17:10:00,639 - WARNING - Page does not exist for BBSS.JK
2024-01-31 17:10:00,687 - WARNING - Page does not exist for TYRE.JK
2024-01-31 17:10:00,741 - WARNING - Page does not exist for SMMA.JK
2024-01-31 17:10:00,803 - WARNING - Page does not exist for ASMI.JK
2024-01-31 17:10:00,852 - WARNING - Page does not exist for MYRX.JK
2024-01-31 17:10:00,911 - WARNING - Page does not exist for TRUK.JK
2024-01-31 17:10:00,992 - WARNING - Page does not exist for UANG.JK
2024-01-31 17:10:01,059 - WARNING - Page does not exist for TUGU.JK
2024-01-31 17:10:01,140 - WARNING - Page does not exist for LFLO.JK
2024-01-31 17:10:01,203 - WARNING - Page does not exist for UVCR.JK
2024-01-31 17:10:01,256 - WARNING - Page does not exist for VAST.JK
2024-01-31 17:10:01,305 - WARNING - Page does not exist for VOKS.JK
2024-01-31 17:10:01,361 - WARNING - Page does not exist for VRNA.JK
2024-01-31 17:10:01,411 - WARNING - Page does not exist for WGSH.JK
2024-01-31 17:10:01,460 - WARNING - Page does not exist for WICO.JK
2024-01-31 17:10:01,523 - WARNING - Page does not exist for WIFI.JK
2024-01-31 17:10:01,575 - WARNING - Page does not exist for WOWS.JK
2024-01-31 17:10:01,626 - WARNING - Page does not exist for YELO.JK
2024-01-31 17:10:01,680 - WARNING - Page does not exist for ZONE.JK
2024-01-31 17:10:01,737 - WARNING - Page does not exist for BBNI.JK
2024-01-31 17:10:01,794 - WARNING - Page does not exist for INPC.JK
2024-01-31 17:10:01,848 - WARNING - Page does not exist for INCF.JK
2024-01-31 17:10:01,895 - WARNING - Page does not exist for MPOW.JK
2024-01-31 17:10:01,952 - WARNING - Page does not exist for INDO.JK
2024-01-31 17:10:02,006 - WARNING - Page does not exist for BNII.JK
2024-01-31 17:10:02,057 - WARNING - Page does not exist for BJBR.JK
2024-01-31 17:10:02,108 - WARNING - Page does not exist for HOTL.JK
2024-01-31 17:10:02,158 - WARNING - Page does not exist for HAJJ.JK
2024-01-31 17:10:02,209 - WARNING - Page does not exist for KING.JK
2024-01-31 17:10:02,272 - WARNING - Page does not exist for ARMY.JK
2024-01-31 17:10:02,321 - WARNING - Page does not exist for RELF.JK
2024-01-31 17:10:02,376 - WARNING - Page does not exist for DUCK.JK
2024-01-31 17:10:02,436 - WARNING - Page does not exist for MAGP.JK
2024-01-31 17:10:02,490 - WARNING - Page does not exist for NPGF.JK
2024-01-31 17:10:02,539 - WARNING - Page does not exist for LCGP.JK
2024-01-31 17:10:02,593 - WARNING - Page does not exist for TRIL.JK
2024-01-31 17:10:02,645 - WARNING - Page does not exist for FORZ.JK
