2023-12-19 05:03:49,513 - WARNING - Sourced from error: Page does not exist for GULA.JK
2023-12-19 05:03:49,638 - WARNING - Sourced from error: Page does not exist for UFOE.JK
2023-12-19 05:03:49,769 - WARNING - Sourced from error: Page does not exist for HUMI.JK
2023-12-19 05:03:49,893 - WARNING - Sourced from error: Page does not exist for NCKL.JK
2023-12-19 05:03:50,016 - WARNING - Sourced from error: Page does not exist for PIPA.JK
2023-12-19 05:03:50,142 - WARNING - Sourced from error: Page does not exist for GRPM.JK
2023-12-19 05:03:50,262 - WARNING - Sourced from error: Page does not exist for IOTF.JK
2023-12-19 05:03:50,384 - WARNING - Sourced from error: Page does not exist for MAXI.JK
2023-12-19 05:03:50,505 - WARNING - Sourced from error: Page does not exist for SURI.JK
2023-12-19 05:03:50,629 - WARNING - Sourced from error: Page does not exist for CMNT.JK
2023-12-19 05:03:50,751 - WARNING - Sourced from error: Page does not exist for FINN.JK
2023-12-19 05:03:50,875 - WARNING - Sourced from error: Page does not exist for RSCH.JK
2023-12-19 05:03:50,997 - WARNING - Sourced from error: Page does not exist for KDTN.JK
2023-12-19 05:03:51,120 - WARNING - Sourced from error: Page does not exist for ARCI.JK
2023-12-19 05:03:51,251 - WARNING - Sourced from error: Page does not exist for UNIQ.JK
2023-12-19 05:03:51,380 - WARNING - Sourced from error: Page does not exist for BEBS.JK
2023-12-19 05:03:51,504 - WARNING - Sourced from error: Page does not exist for LABA.JK
2023-12-19 05:03:51,627 - WARNING - Sourced from error: Page does not exist for ISAP.JK
2023-12-19 05:03:51,750 - WARNING - Sourced from error: Page does not exist for ELPI.JK
2023-12-19 05:03:51,872 - WARNING - Sourced from error: Page does not exist for BABY.JK
2023-12-19 05:03:51,997 - WARNING - Sourced from error: Page does not exist for BESS.JK
2023-12-19 05:03:52,125 - WARNING - Sourced from error: Page does not exist for RAFI.JK
2023-12-19 05:03:52,248 - WARNING - Sourced from error: Page does not exist for PPRI.JK
2023-12-19 05:03:52,372 - WARNING - Sourced from error: Page does not exist for KKES.JK
2023-12-19 05:03:52,494 - WARNING - Sourced from error: Page does not exist for TGUK.JK
2023-12-19 05:03:52,634 - WARNING - Sourced from error: Page does not exist for AMMN.JK
2023-12-19 05:03:52,761 - WARNING - Sourced from error: Page does not exist for SICO.JK
2023-12-19 05:03:52,885 - WARNING - Sourced from error: Page does not exist for GTRA.JK
2023-12-19 05:03:53,010 - WARNING - Sourced from error: Page does not exist for STRK.JK
2023-12-19 05:03:53,136 - WARNING - Sourced from error: Page does not exist for MENN.JK
2023-12-19 05:03:53,260 - WARNING - Sourced from error: Page does not exist for PTPS.JK
2023-12-19 05:03:53,385 - WARNING - Sourced from error: Page does not exist for TAYS.JK
2023-12-19 05:03:53,510 - WARNING - Sourced from error: Page does not exist for IKPM.JK
2023-12-19 05:03:53,637 - WARNING - Sourced from error: Page does not exist for WIDI.JK
2023-12-19 05:03:53,759 - WARNING - Sourced from error: Page does not exist for PTMP.JK
2023-12-19 05:03:53,886 - WARNING - Sourced from error: Page does not exist for AEGS.JK
2023-12-19 05:03:54,011 - WARNING - Sourced from error: Page does not exist for WINR.JK
2023-12-19 05:03:54,137 - WARNING - Sourced from error: Page does not exist for AMOR.JK
2023-12-19 05:03:54,262 - WARNING - Sourced from error: Page does not exist for LOPI.JK
2023-12-19 05:03:54,384 - WARNING - Sourced from error: Page does not exist for INET.JK
2023-12-19 05:03:54,507 - WARNING - Sourced from error: Page does not exist for KRYA.JK
2023-12-19 05:03:54,632 - WARNING - Sourced from error: Page does not exist for CRSN.JK
2023-12-19 05:03:54,756 - WARNING - Sourced from error: Page does not exist for MUTU.JK
2023-12-19 05:03:54,880 - WARNING - Sourced from error: Page does not exist for KETR.JK
2023-12-19 05:03:55,010 - WARNING - Sourced from error: Page does not exist for TOYS.JK
2023-12-19 05:03:55,134 - WARNING - Sourced from error: Page does not exist for MSIE.JK
2023-12-19 05:03:55,262 - WARNING - Sourced from error: Page does not exist for OLIV.JK
2023-12-19 05:03:55,387 - WARNING - Sourced from error: Page does not exist for KLIN.JK
2023-12-19 05:03:55,529 - WARNING - Sourced from error: Page does not exist for EDGE.JK
2023-12-19 05:03:55,654 - WARNING - Sourced from error: Page does not exist for KOCI.JK
2023-12-19 05:03:55,776 - WARNING - Sourced from error: Page does not exist for CHEM.JK
2023-12-19 05:03:55,902 - WARNING - Sourced from error: Page does not exist for MPXL.JK
2023-12-19 05:03:56,025 - WARNING - Sourced from error: Page does not exist for HBAT.JK
2023-12-19 05:03:56,154 - WARNING - Sourced from error: Page does not exist for TLDN.JK
2023-12-19 05:03:56,279 - WARNING - Sourced from error: Page does not exist for KOKA.JK
2023-12-19 05:03:56,400 - WARNING - Sourced from error: Page does not exist for GRIA.JK
2023-12-19 05:03:56,528 - WARNING - Sourced from error: Page does not exist for TURI.JK
2023-12-19 05:03:56,653 - WARNING - Sourced from error: Page does not exist for RCCC.JK
2023-12-19 05:03:56,778 - WARNING - Sourced from error: Page does not exist for CNMA.JK
2023-12-19 05:03:56,901 - WARNING - Sourced from error: Page does not exist for GOTO.JK
2023-12-19 05:03:57,023 - WARNING - Sourced from error: Page does not exist for PADA.JK
2023-12-19 05:03:57,146 - WARNING - Sourced from error: Page does not exist for TOOL.JK
2023-12-19 05:03:57,271 - WARNING - Sourced from error: Page does not exist for AYAM.JK
2023-12-19 05:03:57,397 - WARNING - Sourced from error: Page does not exist for NANO.JK
2023-12-19 05:03:57,522 - WARNING - Sourced from error: Page does not exist for ELIT.JK
2023-12-19 05:03:57,645 - WARNING - Sourced from error: Page does not exist for LMAX.JK
2023-12-19 05:03:57,771 - WARNING - Sourced from error: Page does not exist for UDNG.JK
2023-12-19 05:03:57,895 - WARNING - Sourced from error: Page does not exist for CYBR.JK
2023-12-19 05:03:58,023 - WARNING - Sourced from error: Page does not exist for BELL.JK
2023-12-19 05:03:58,147 - WARNING - Sourced from error: Page does not exist for RGAS.JK
2023-12-19 05:03:58,270 - WARNING - Sourced from error: Page does not exist for MASB.JK
2023-12-19 05:03:58,402 - WARNING - Sourced from error: Page does not exist for FOLK.JK
2023-12-19 05:03:58,526 - WARNING - Sourced from error: Page does not exist for MSTI.JK
2023-12-19 05:03:58,647 - WARNING - Sourced from error: Page does not exist for PMMP.JK
2023-12-19 05:03:58,769 - WARNING - Sourced from error: Page does not exist for CMRY.JK
2023-12-19 05:03:58,894 - WARNING - Sourced from error: Page does not exist for AMMS.JK
2023-12-19 05:03:59,018 - WARNING - Sourced from error: Page does not exist for NINE.JK
2023-12-19 05:06:40,644 - INFO - No new format found
2023-12-19 05:06:40,644 - INFO - No new source found
