2024-01-30 16:48:49,173 - WARNING - Page does not exist for BBCA.JK
2024-01-30 16:48:49,285 - WARNING - Page does not exist for CASH.JK
2024-01-30 16:48:49,385 - WARNING - Page does not exist for CBPE.JK
2024-01-30 16:48:49,484 - WARNING - Page does not exist for AIMS.JK
2024-01-30 16:48:49,583 - WARNING - Page does not exist for AMAR.JK
2024-01-30 16:48:49,668 - WARNING - Page does not exist for CBRE.JK
2024-01-30 16:48:49,763 - WARNING - Page does not exist for BAPI.JK
2024-01-30 16:48:49,866 - WARNING - Page does not exist for LAJU.JK
2024-01-30 16:48:49,957 - WARNING - Page does not exist for LCKM.JK
2024-01-30 16:48:50,065 - WARNING - Page does not exist for LEAD.JK
2024-01-30 16:48:50,160 - WARNING - Page does not exist for CBMF.JK
2024-01-30 16:48:50,274 - WARNING - Page does not exist for KLAS.JK
2024-01-30 16:48:50,373 - WARNING - Page does not exist for ATAP.JK
2024-01-30 16:48:50,483 - WARNING - Page does not exist for LIFE.JK
2024-01-30 16:48:50,608 - WARNING - Page does not exist for APII.JK
2024-01-30 16:48:50,710 - WARNING - Page does not exist for BMAS.JK
2024-01-30 16:48:50,811 - WARNING - Page does not exist for MEGA.JK
2024-01-30 16:48:50,909 - WARNING - Page does not exist for UNIT.JK
2024-01-30 16:48:51,011 - WARNING - Page does not exist for MDKI.JK
2024-01-30 16:48:51,096 - WARNING - Page does not exist for LION.JK
2024-01-30 16:48:51,195 - WARNING - Page does not exist for PURI.JK
2024-01-30 16:48:51,291 - WARNING - Page does not exist for BSIM.JK
2024-01-30 16:48:51,382 - WARNING - Page does not exist for AGAR.JK
2024-01-30 16:48:51,482 - WARNING - Page does not exist for EKAD.JK
2024-01-30 16:48:51,593 - WARNING - Page does not exist for ALTO.JK
2024-01-30 16:48:51,690 - WARNING - Page does not exist for ARTO.JK
2024-01-30 16:48:51,783 - WARNING - Page does not exist for OCAP.JK
2024-01-30 16:48:51,885 - WARNING - Page does not exist for PLAN.JK
2024-01-30 16:48:51,989 - WARNING - Page does not exist for VINS.JK
2024-01-30 16:48:52,095 - WARNING - Page does not exist for CNTX.JK
2024-01-30 16:48:52,194 - WARNING - Page does not exist for ROCK.JK
2024-01-30 16:48:52,303 - WARNING - Page does not exist for PNGO.JK
2024-01-30 16:48:52,408 - WARNING - Page does not exist for POLY.JK
2024-01-30 16:48:52,512 - WARNING - Page does not exist for FWCT.JK
2024-01-30 16:48:52,603 - WARNING - Page does not exist for LMAS.JK
2024-01-30 16:48:52,693 - WARNING - Page does not exist for HOME.JK
2024-01-30 16:48:52,796 - WARNING - Page does not exist for HOPE.JK
2024-01-30 16:48:52,898 - WARNING - Page does not exist for LMPI.JK
2024-01-30 16:48:52,987 - WARNING - Page does not exist for TRUE.JK
2024-01-30 16:48:53,083 - WARNING - Page does not exist for FITT.JK
2024-01-30 16:48:53,180 - WARNING - Page does not exist for NASI.JK
2024-01-30 16:48:53,282 - WARNING - Page does not exist for BPFI.JK
2024-01-30 16:48:53,403 - WARNING - Page does not exist for AWAN.JK
2024-01-30 16:48:53,524 - WARNING - Page does not exist for LMSH.JK
2024-01-30 16:48:53,627 - WARNING - Page does not exist for LPGI.JK
2024-01-30 16:48:53,733 - WARNING - Page does not exist for TRUS.JK
2024-01-30 16:48:53,830 - WARNING - Page does not exist for MARI.JK
2024-01-30 16:48:53,925 - WARNING - Page does not exist for BRIS.JK
2024-01-30 16:48:54,042 - WARNING - Page does not exist for BINA.JK
2024-01-30 16:48:54,125 - WARNING - Page does not exist for MTRA.JK
2024-01-30 16:48:54,278 - WARNING - Page does not exist for INET.JK
2024-01-30 16:48:54,374 - WARNING - Page does not exist for BANK.JK
2024-01-30 16:48:54,463 - WARNING - Page does not exist for CRAB.JK
2024-01-30 16:48:54,562 - WARNING - Page does not exist for PDPP.JK
2024-01-30 16:48:54,658 - WARNING - Page does not exist for TAMA.JK
2024-01-30 16:48:54,772 - WARNING - Page does not exist for SWAT.JK
2024-01-30 16:48:54,873 - WARNING - Page does not exist for PEVE.JK
2024-01-30 16:48:54,994 - WARNING - Page does not exist for CSIS.JK
2024-01-30 16:48:55,100 - WARNING - Page does not exist for DNAR.JK
2024-01-30 16:48:55,198 - WARNING - Page does not exist for PRAS.JK
2024-01-30 16:48:55,297 - WARNING - Page does not exist for PSKT.JK
2024-01-30 16:48:55,396 - WARNING - Page does not exist for MGNA.JK
2024-01-30 16:48:55,503 - WARNING - Page does not exist for PURE.JK
2024-01-30 16:48:55,588 - WARNING - Page does not exist for ASPI.JK
2024-01-30 16:48:55,674 - WARNING - Page does not exist for PSDN.JK
2024-01-30 16:48:55,766 - WARNING - Page does not exist for LPIN.JK
2024-01-30 16:48:55,860 - WARNING - Page does not exist for RONY.JK
2024-01-30 16:48:55,950 - WARNING - Page does not exist for DSFI.JK
2024-01-30 16:48:56,046 - WARNING - Page does not exist for PUDP.JK
2024-01-30 16:48:56,147 - WARNING - Page does not exist for PURA.JK
2024-01-30 16:48:56,241 - WARNING - Page does not exist for PLAS.JK
2024-01-30 16:48:56,345 - WARNING - Page does not exist for BEKS.JK
2024-01-30 16:48:56,448 - WARNING - Page does not exist for BOBA.JK
2024-01-30 16:48:56,542 - WARNING - Page does not exist for ERTX.JK
2024-01-30 16:48:56,642 - WARNING - Page does not exist for LRNA.JK
2024-01-30 16:48:56,745 - WARNING - Page does not exist for BEER.JK
2024-01-30 16:48:56,840 - WARNING - Page does not exist for GOLD.JK
2024-01-30 16:48:56,960 - WARNING - Page does not exist for HATM.JK
2024-01-30 16:48:57,065 - WARNING - Page does not exist for LUCK.JK
2024-01-30 16:48:57,165 - WARNING - Page does not exist for LUCY.JK
2024-01-30 16:48:57,266 - WARNING - Page does not exist for DAYA.JK
2024-01-30 16:48:57,370 - WARNING - Page does not exist for DEWI.JK
2024-01-30 16:48:57,475 - WARNING - Page does not exist for RELI.JK
2024-01-30 16:48:57,590 - WARNING - Page does not exist for BBHI.JK
2024-01-30 16:48:57,703 - WARNING - Page does not exist for AXIO.JK
2024-01-30 16:48:57,824 - WARNING - Page does not exist for MFMI.JK
2024-01-30 16:48:57,927 - WARNING - Page does not exist for EURO.JK
2024-01-30 16:48:58,029 - WARNING - Page does not exist for MABA.JK
2024-01-30 16:48:58,124 - WARNING - Page does not exist for BIMA.JK
2024-01-30 16:48:58,239 - WARNING - Page does not exist for RMKO.JK
2024-01-30 16:48:58,340 - WARNING - Page does not exist for FLMC.JK
2024-01-30 16:48:58,443 - WARNING - Page does not exist for BPTR.JK
2024-01-30 16:48:58,549 - WARNING - Page does not exist for RANC.JK
2024-01-30 16:48:58,654 - WARNING - Page does not exist for SCPI.JK
2024-01-30 16:48:58,744 - WARNING - Page does not exist for RBMS.JK
2024-01-30 16:48:58,848 - WARNING - Page does not exist for INDX.JK
2024-01-30 16:48:58,963 - WARNING - Page does not exist for ZYRX.JK
2024-01-30 16:48:59,057 - WARNING - Page does not exist for SSTM.JK
2024-01-30 16:48:59,154 - WARNING - Page does not exist for INRU.JK
2024-01-30 16:48:59,263 - WARNING - Page does not exist for FOOD.JK
2024-01-30 16:48:59,362 - WARNING - Page does not exist for FORU.JK
2024-01-30 16:48:59,466 - WARNING - Page does not exist for BHAT.JK
2024-01-30 16:48:59,572 - WARNING - Page does not exist for ASBI.JK
2024-01-30 16:48:59,669 - WARNING - Page does not exist for GOLL.JK
2024-01-30 16:48:59,783 - WARNING - Page does not exist for BNGA.JK
2024-01-30 16:48:59,896 - WARNING - Page does not exist for IMAS.JK
2024-01-30 16:48:59,986 - WARNING - Page does not exist for PGJO.JK
2024-01-30 16:49:00,113 - WARNING - Page does not exist for BSML.JK
2024-01-30 16:49:00,233 - WARNING - Page does not exist for CCSI.JK
2024-01-30 16:49:00,379 - WARNING - Page does not exist for BSWD.JK
2024-01-30 16:49:00,496 - WARNING - Page does not exist for PNIN.JK
2024-01-30 16:49:00,624 - WARNING - Page does not exist for RUNS.JK
2024-01-30 16:49:00,753 - WARNING - Page does not exist for BBYB.JK
2024-01-30 16:49:00,913 - WARNING - Page does not exist for MEDS.JK
2024-01-30 16:49:01,063 - WARNING - Page does not exist for COCO.JK
2024-01-30 16:49:01,223 - WARNING - Page does not exist for BABP.JK
2024-01-30 16:49:01,363 - WARNING - Page does not exist for BBMD.JK
2024-01-30 16:49:01,475 - WARNING - Page does not exist for COWL.JK
2024-01-30 16:49:01,618 - WARNING - Page does not exist for ABDA.JK
2024-01-30 16:49:01,720 - WARNING - Page does not exist for ADMF.JK
2024-01-30 16:49:01,854 - WARNING - Page does not exist for SWID.JK
2024-01-30 16:49:01,969 - WARNING - Page does not exist for SUNI.JK
2024-01-30 16:49:02,103 - WARNING - Page does not exist for JSKY.JK
2024-01-30 16:49:02,227 - WARNING - Page does not exist for PNSE.JK
2024-01-30 16:49:02,378 - WARNING - Page does not exist for TALF.JK
2024-01-30 16:49:02,518 - WARNING - Page does not exist for ASJT.JK
2024-01-30 16:49:02,624 - WARNING - Page does not exist for SAPX.JK
2024-01-30 16:49:02,723 - WARNING - Page does not exist for BTPS.JK
2024-01-30 16:49:02,833 - WARNING - Page does not exist for AGRS.JK
2024-01-30 16:49:02,946 - WARNING - Page does not exist for AGRO.JK
2024-01-30 16:49:03,049 - WARNING - Page does not exist for SATU.JK
2024-01-30 16:49:03,146 - WARNING - Page does not exist for SBAT.JK
2024-01-30 16:49:03,261 - WARNING - Page does not exist for SBMA.JK
2024-01-30 16:49:03,374 - WARNING - Page does not exist for EAST.JK
2024-01-30 16:49:03,473 - WARNING - Page does not exist for SCNP.JK
2024-01-30 16:49:03,575 - WARNING - Page does not exist for KBAG.JK
2024-01-30 16:49:03,671 - WARNING - Page does not exist for KBLM.JK
2024-01-30 16:49:03,777 - WARNING - Page does not exist for SDRA.JK
2024-01-30 16:49:03,863 - WARNING - Page does not exist for BVIC.JK
2024-01-30 16:49:03,963 - WARNING - Page does not exist for MITI.JK
2024-01-30 16:49:04,073 - WARNING - Page does not exist for AHAP.JK
2024-01-30 16:49:04,183 - WARNING - Page does not exist for AKKU.JK
2024-01-30 16:49:04,311 - WARNING - Page does not exist for KDSI.JK
2024-01-30 16:49:04,408 - WARNING - Page does not exist for GDYR.JK
2024-01-30 16:49:04,503 - WARNING - Page does not exist for SINI.JK
2024-01-30 16:49:04,609 - WARNING - Page does not exist for MMIX.JK
2024-01-30 16:49:04,711 - WARNING - Page does not exist for KICI.JK
2024-01-30 16:49:04,813 - WARNING - Page does not exist for DEFI.JK
2024-01-30 16:49:04,925 - WARNING - Page does not exist for MREI.JK
2024-01-30 16:49:05,023 - WARNING - Page does not exist for BUAH.JK
2024-01-30 16:49:05,133 - WARNING - Page does not exist for IKAN.JK
2024-01-30 16:49:05,243 - WARNING - Page does not exist for MBTO.JK
2024-01-30 16:49:05,346 - WARNING - Page does not exist for ASRM.JK
2024-01-30 16:49:05,442 - WARNING - Page does not exist for BMRI.JK
2024-01-30 16:49:05,539 - WARNING - Page does not exist for BBRI.JK
2024-01-30 16:49:05,638 - WARNING - Page does not exist for GHON.JK
2024-01-30 16:49:05,736 - WARNING - Page does not exist for KJEN.JK
2024-01-30 16:49:05,843 - WARNING - Page does not exist for KMDS.JK
2024-01-30 16:49:05,953 - WARNING - Page does not exist for KOBX.JK
2024-01-30 16:49:06,059 - WARNING - Page does not exist for CINT.JK
2024-01-30 16:49:06,146 - WARNING - Page does not exist for BTPN.JK
2024-01-30 16:49:06,273 - WARNING - Page does not exist for BKSW.JK
2024-01-30 16:49:06,378 - WARNING - Page does not exist for JMAS.JK
2024-01-30 16:49:06,478 - WARNING - Page does not exist for GLVA.JK
2024-01-30 16:49:06,578 - WARNING - Page does not exist for KOPI.JK
2024-01-30 16:49:06,683 - WARNING - Page does not exist for BLUE.JK
2024-01-30 16:49:06,783 - WARNING - Page does not exist for SOFA.JK
2024-01-30 16:49:06,888 - WARNING - Page does not exist for BMBL.JK
2024-01-30 16:49:06,996 - WARNING - Page does not exist for SMIL.JK
2024-01-30 16:49:07,108 - WARNING - Page does not exist for CPRI.JK
2024-01-30 16:49:07,214 - WARNING - Page does not exist for DADA.JK
2024-01-30 16:49:07,313 - WARNING - Page does not exist for AYLS.JK
2024-01-30 16:49:07,433 - WARNING - Page does not exist for SMKL.JK
2024-01-30 16:49:07,534 - WARNING - Page does not exist for BAUT.JK
2024-01-30 16:49:07,653 - WARNING - Page does not exist for ENZO.JK
2024-01-30 16:49:07,763 - WARNING - Page does not exist for EPAC.JK
2024-01-30 16:49:07,863 - WARNING - Page does not exist for BBSI.JK
2024-01-30 16:49:07,963 - WARNING - Page does not exist for CUAN.JK
2024-01-30 16:49:08,063 - WARNING - Page does not exist for IPAC.JK
2024-01-30 16:49:08,163 - WARNING - Page does not exist for OBMD.JK
2024-01-30 16:49:08,263 - WARNING - Page does not exist for KPAS.JK
2024-01-30 16:49:08,363 - WARNING - Page does not exist for SMKM.JK
2024-01-30 16:49:08,466 - WARNING - Page does not exist for BNLI.JK
2024-01-30 16:49:08,559 - WARNING - Page does not exist for ESIP.JK
2024-01-30 16:49:08,663 - WARNING - Page does not exist for DGNS.JK
2024-01-30 16:49:08,763 - WARNING - Page does not exist for ESTA.JK
2024-01-30 16:49:08,896 - WARNING - Page does not exist for GPSO.JK
2024-01-30 16:49:09,003 - WARNING - Page does not exist for OILS.JK
2024-01-30 16:49:09,109 - WARNING - Page does not exist for RIMO.JK
2024-01-30 16:49:09,203 - WARNING - Page does not exist for OKAS.JK
2024-01-30 16:49:09,303 - WARNING - Page does not exist for BBKP.JK
2024-01-30 16:49:09,395 - WARNING - Page does not exist for GSMF.JK
2024-01-30 16:49:09,495 - WARNING - Page does not exist for ASDM.JK
2024-01-30 16:49:09,603 - WARNING - Page does not exist for CASA.JK
2024-01-30 16:49:09,711 - WARNING - Page does not exist for OPMS.JK
2024-01-30 16:49:09,813 - WARNING - Page does not exist for SNLK.JK
2024-01-30 16:49:09,912 - WARNING - Page does not exist for ESTI.JK
2024-01-30 16:49:10,013 - WARNING - Page does not exist for SOSS.JK
2024-01-30 16:49:10,127 - WARNING - Page does not exist for BIKE.JK
2024-01-30 16:49:10,234 - WARNING - Page does not exist for FUTR.JK
2024-01-30 16:49:10,329 - WARNING - Page does not exist for KRAH.JK
2024-01-30 16:49:10,474 - WARNING - Page does not exist for KUAS.JK
2024-01-30 16:49:10,583 - WARNING - Page does not exist for HAIS.JK
2024-01-30 16:49:10,678 - WARNING - Page does not exist for HALO.JK
2024-01-30 16:49:10,794 - WARNING - Page does not exist for AMIN.JK
2024-01-30 16:49:10,896 - WARNING - Page does not exist for TRJA.JK
2024-01-30 16:49:11,002 - WARNING - Page does not exist for TRON.JK
2024-01-30 16:49:11,102 - WARNING - Page does not exist for BTON.JK
2024-01-30 16:49:11,196 - WARNING - Page does not exist for CANI.JK
2024-01-30 16:49:11,290 - WARNING - Page does not exist for APLI.JK
2024-01-30 16:49:11,393 - WARNING - Page does not exist for ICON.JK
2024-01-30 16:49:11,494 - WARNING - Page does not exist for TMPO.JK
2024-01-30 16:49:11,595 - WARNING - Page does not exist for AMAG.JK
2024-01-30 16:49:11,703 - WARNING - Page does not exist for TNCA.JK
2024-01-30 16:49:11,795 - WARNING - Page does not exist for INCI.JK
2024-01-30 16:49:11,895 - WARNING - Page does not exist for HDIT.JK
2024-01-30 16:49:12,027 - WARNING - Page does not exist for PDES.JK
2024-01-30 16:49:12,163 - WARNING - Page does not exist for BCIC.JK
2024-01-30 16:49:12,262 - WARNING - Page does not exist for TRIS.JK
2024-01-30 16:49:12,377 - WARNING - Page does not exist for DPNS.JK
2024-01-30 16:49:12,541 - WARNING - Page does not exist for HADE.JK
2024-01-30 16:49:12,679 - WARNING - Page does not exist for ALKA.JK
2024-01-30 16:49:12,783 - WARNING - Page does not exist for IDEA.JK
2024-01-30 16:49:12,895 - WARNING - Page does not exist for HKMU.JK
2024-01-30 16:49:12,996 - WARNING - Page does not exist for DCII.JK
2024-01-30 16:49:13,096 - WARNING - Page does not exist for HILL.JK
2024-01-30 16:49:13,196 - WARNING - Page does not exist for MAMI.JK
2024-01-30 16:49:13,296 - WARNING - Page does not exist for INTD.JK
2024-01-30 16:49:13,396 - WARNING - Page does not exist for TIRA.JK
2024-01-30 16:49:13,503 - WARNING - Page does not exist for INOV.JK
2024-01-30 16:49:13,603 - WARNING - Page does not exist for NELY.JK
2024-01-30 16:49:13,696 - WARNING - Page does not exist for WAPO.JK
2024-01-30 16:49:13,806 - WARNING - Page does not exist for PNBS.JK
2024-01-30 16:49:13,903 - WARNING - Page does not exist for IBFN.JK
2024-01-30 16:49:14,003 - WARNING - Page does not exist for SOTS.JK
2024-01-30 16:49:14,107 - WARNING - Page does not exist for PKPK.JK
2024-01-30 16:49:14,203 - WARNING - Page does not exist for KAYU.JK
2024-01-30 16:49:14,323 - WARNING - Page does not exist for COAL.JK
2024-01-30 16:49:14,412 - WARNING - Page does not exist for ZATA.JK
2024-01-30 16:49:14,508 - WARNING - Page does not exist for TBMS.JK
2024-01-30 16:49:14,603 - WARNING - Page does not exist for NIPS.JK
2024-01-30 16:49:14,706 - WARNING - Page does not exist for IRSX.JK
2024-01-30 16:49:14,806 - WARNING - Page does not exist for ASHA.JK
2024-01-30 16:49:14,903 - WARNING - Page does not exist for MCOR.JK
2024-01-30 16:49:15,013 - WARNING - Page does not exist for MTSM.JK
2024-01-30 16:49:15,113 - WARNING - Page does not exist for BBTN.JK
2024-01-30 16:49:15,213 - WARNING - Page does not exist for PPGL.JK
2024-01-30 16:49:15,313 - WARNING - Page does not exist for MTWI.JK
2024-01-30 16:49:15,413 - WARNING - Page does not exist for CSRA.JK
2024-01-30 16:49:15,533 - WARNING - Page does not exist for PTPW.JK
2024-01-30 16:49:15,626 - WARNING - Page does not exist for BGTG.JK
2024-01-30 16:49:15,723 - WARNING - Page does not exist for JAST.JK
2024-01-30 16:49:15,814 - WARNING - Page does not exist for DIGI.JK
2024-01-30 16:49:15,911 - WARNING - Page does not exist for PACK.JK
2024-01-30 16:49:16,003 - WARNING - Page does not exist for SOUL.JK
2024-01-30 16:49:16,093 - WARNING - Page does not exist for MAYA.JK
2024-01-30 16:49:16,183 - WARNING - Page does not exist for BDMN.JK
2024-01-30 16:49:16,294 - WARNING - Page does not exist for REAL.JK
2024-01-30 16:49:16,398 - WARNING - Page does not exist for NICK.JK
2024-01-30 16:49:16,494 - WARNING - Page does not exist for NISP.JK
2024-01-30 16:49:16,583 - WARNING - Page does not exist for NAYZ.JK
2024-01-30 16:49:16,686 - WARNING - Page does not exist for NOBU.JK
2024-01-30 16:49:16,783 - WARNING - Page does not exist for IPPE.JK
2024-01-30 16:49:16,893 - WARNING - Page does not exist for ITIC.JK
2024-01-30 16:49:16,983 - WARNING - Page does not exist for BIKA.JK
2024-01-30 16:49:17,096 - WARNING - Page does not exist for JATI.JK
2024-01-30 16:49:17,183 - WARNING - Page does not exist for PNBN.JK
2024-01-30 16:49:17,283 - WARNING - Page does not exist for SIMA.JK
2024-01-30 16:49:17,395 - WARNING - Page does not exist for BJTM.JK
2024-01-30 16:49:17,488 - WARNING - Page does not exist for BINO.JK
2024-01-30 16:49:17,587 - WARNING - Page does not exist for SEMA.JK
2024-01-30 16:49:17,694 - WARNING - Page does not exist for KPAL.JK
2024-01-30 16:49:17,790 - WARNING - Page does not exist for FIMP.JK
2024-01-30 16:49:17,897 - WARNING - Page does not exist for GLOB.JK
2024-01-30 16:49:18,011 - WARNING - Page does not exist for KBRI.JK
2024-01-30 16:49:18,113 - WARNING - Page does not exist for JKSW.JK
2024-01-30 16:49:18,210 - WARNING - Page does not exist for ARTA.JK
2024-01-30 16:49:18,307 - WARNING - Page does not exist for BACA.JK
2024-01-30 16:49:18,424 - WARNING - Page does not exist for NTBK.JK
2024-01-30 16:49:18,603 - WARNING - Page does not exist for PAMG.JK
2024-01-30 16:49:18,762 - WARNING - Page does not exist for PANR.JK
2024-01-30 16:49:18,874 - WARNING - Page does not exist for TRAM.JK
2024-01-30 16:49:19,059 - WARNING - Page does not exist for BNBA.JK
2024-01-30 16:49:19,233 - WARNING - Page does not exist for PEGE.JK
2024-01-30 16:49:19,383 - WARNING - Page does not exist for BAYU.JK
2024-01-30 16:49:19,477 - WARNING - Page does not exist for PNLF.JK
2024-01-30 16:49:19,610 - WARNING - Page does not exist for NUSA.JK
2024-01-30 16:49:19,723 - WARNING - Page does not exist for PTDU.JK
2024-01-30 16:49:19,821 - WARNING - Page does not exist for BEEF.JK
2024-01-30 16:49:19,933 - WARNING - Page does not exist for SKYB.JK
2024-01-30 16:49:20,050 - WARNING - Page does not exist for NZIA.JK
2024-01-30 16:49:20,147 - WARNING - Page does not exist for SUGI.JK
2024-01-30 16:49:20,253 - WARNING - Page does not exist for OASA.JK
2024-01-30 16:49:20,347 - WARNING - Page does not exist for MGLV.JK
2024-01-30 16:49:20,448 - WARNING - Page does not exist for CAKK.JK
2024-01-30 16:49:20,553 - WARNING - Page does not exist for AKSI.JK
2024-01-30 16:49:20,694 - WARNING - Page does not exist for BBSS.JK
2024-01-30 16:49:20,838 - WARNING - Page does not exist for TYRE.JK
2024-01-30 16:49:20,945 - WARNING - Page does not exist for SMMA.JK
2024-01-30 16:49:21,094 - WARNING - Page does not exist for ASMI.JK
2024-01-30 16:49:21,195 - WARNING - Page does not exist for MYRX.JK
2024-01-30 16:49:21,353 - WARNING - Page does not exist for TRUK.JK
2024-01-30 16:49:21,479 - WARNING - Page does not exist for UANG.JK
2024-01-30 16:49:21,593 - WARNING - Page does not exist for TUGU.JK
2024-01-30 16:49:21,708 - WARNING - Page does not exist for LFLO.JK
2024-01-30 16:49:21,833 - WARNING - Page does not exist for UVCR.JK
2024-01-30 16:49:21,953 - WARNING - Page does not exist for VAST.JK
2024-01-30 16:49:22,082 - WARNING - Page does not exist for VOKS.JK
2024-01-30 16:49:22,183 - WARNING - Page does not exist for VRNA.JK
2024-01-30 16:49:22,313 - WARNING - Page does not exist for WGSH.JK
2024-01-30 16:49:22,458 - WARNING - Page does not exist for WICO.JK
2024-01-30 16:49:22,583 - WARNING - Page does not exist for WIFI.JK
2024-01-30 16:49:22,683 - WARNING - Page does not exist for WOWS.JK
2024-01-30 16:49:22,838 - WARNING - Page does not exist for YELO.JK
2024-01-30 16:49:23,005 - WARNING - Page does not exist for ZONE.JK
2024-01-30 16:49:23,097 - WARNING - Page does not exist for BBNI.JK
2024-01-30 16:49:23,195 - WARNING - Page does not exist for INPC.JK
2024-01-30 16:49:23,296 - WARNING - Page does not exist for INCF.JK
2024-01-30 16:49:23,443 - WARNING - Page does not exist for MPOW.JK
2024-01-30 16:49:23,553 - WARNING - Page does not exist for INDO.JK
2024-01-30 16:49:23,663 - WARNING - Page does not exist for BNII.JK
2024-01-30 16:49:23,763 - WARNING - Page does not exist for BJBR.JK
2024-01-30 16:49:23,863 - WARNING - Page does not exist for HOTL.JK
2024-01-30 16:49:23,963 - WARNING - Page does not exist for HAJJ.JK
2024-01-30 16:49:24,063 - WARNING - Page does not exist for KING.JK
2024-01-30 16:49:24,194 - WARNING - Page does not exist for ARMY.JK
2024-01-30 16:49:24,323 - WARNING - Page does not exist for RELF.JK
2024-01-30 16:49:24,446 - WARNING - Page does not exist for DUCK.JK
2024-01-30 16:49:24,546 - WARNING - Page does not exist for MAGP.JK
2024-01-30 16:49:24,668 - WARNING - Page does not exist for NPGF.JK
2024-01-30 16:49:24,760 - WARNING - Page does not exist for LCGP.JK
2024-01-30 16:49:24,859 - WARNING - Page does not exist for TRIL.JK
2024-01-30 16:49:24,959 - WARNING - Page does not exist for FORZ.JK
